1599771689280	geckodriver	INFO	Listening on 127.0.0.1:59042
1599771692300	mozrunner::runner	INFO	Running command: "C:\\Program Files\\Mozilla Firefox\\firefox.exe" "--marionette" "-foreground" "-no-remote" "-profile" "C:\\Users\\USUARIO\\AppData\\Local\\Temp\\rust_mozprofilegi3JTg"
JavaScript error: resource://gre/modules/XULStore.jsm, line 66: Error: Can't find profile directory.
console.error: SearchCache: "_readCacheFile: Error reading cache file:" (new Error("", "(unknown module)"))
1599771695173	Marionette	INFO	Listening on port 59052
1599771695414	Marionette	WARN	TLS certificate errors will be ignored for this session
JavaScript error: resource://gre/actors/AutoCompleteChild.jsm, line 208: Error: Invalid autocomplete selectedIndex
1599771697160	Marionette	INFO	Stopped listening on port 59052

###!!! [Child][RunMessage] Error: Channel closing: too late to send/recv, messages will be lost


###!!! [Child][MessageChannel::SendAndWait] Error: Channel error: cannot send/recv

1599771743431	geckodriver	INFO	Listening on 127.0.0.1:59276
1599771746451	mozrunner::runner	INFO	Running command: "C:\\Program Files\\Mozilla Firefox\\firefox.exe" "--marionette" "-foreground" "-no-remote" "-profile" "C:\\Users\\USUARIO\\AppData\\Local\\Temp\\rust_mozprofileDUOrmg"
JavaScript error: resource://gre/modules/XULStore.jsm, line 66: Error: Can't find profile directory.
console.error: SearchCache: "_readCacheFile: Error reading cache file:" (new Error("", "(unknown module)"))
1599771748770	Marionette	INFO	Listening on port 59290
1599771749059	Marionette	WARN	TLS certificate errors will be ignored for this session
1599771752369	Marionette	INFO	Stopped listening on port 59290
[Child 14412, Chrome_ChildThread] WARNING: pipe error: 232: file /builds/worker/checkouts/gecko/ipc/chromium/src/chrome/common/ipc_channel_win.cc, line 524

###!!! [Child][RunMessage] Error: Channel closing: too late to send/recv, messages will be lost


###!!! [Child][MessageChannel::SendAndWait] Error: Channel error: cannot send/recv

1599771758747	geckodriver	INFO	Listening on 127.0.0.1:59391
1599771761774	mozrunner::runner	INFO	Running command: "C:\\Program Files\\Mozilla Firefox\\firefox.exe" "--marionette" "-foreground" "-no-remote" "-profile" "C:\\Users\\USUARIO\\AppData\\Local\\Temp\\rust_mozprofileS6K2NX"
JavaScript error: resource://gre/modules/XULStore.jsm, line 66: Error: Can't find profile directory.
console.error: SearchCache: "_readCacheFile: Error reading cache file:" (new Error("", "(unknown module)"))
1599771764158	Marionette	INFO	Listening on port 59408
1599771764384	Marionette	WARN	TLS certificate errors will be ignored for this session
1599771783708	Marionette	INFO	Stopped listening on port 59408

###!!! [Child][RunMessage] Error: Channel closing: too late to send/recv, messages will be lost


###!!! [Child][MessageChannel::SendAndWait] Error: Channel error: cannot send/recv

1599772469186	geckodriver	INFO	Listening on 127.0.0.1:62682
1599772472213	mozrunner::runner	INFO	Running command: "C:\\Program Files\\Mozilla Firefox\\firefox.exe" "--marionette" "-foreground" "-no-remote" "-profile" "C:\\Users\\USUARIO\\AppData\\Local\\Temp\\rust_mozprofileOvw2rC"
JavaScript error: resource://gre/modules/XULStore.jsm, line 66: Error: Can't find profile directory.
console.error: SearchCache: "_readCacheFile: Error reading cache file:" (new Error("", "(unknown module)"))
1599772474637	Marionette	INFO	Listening on port 62700
1599772474824	Marionette	WARN	TLS certificate errors will be ignored for this session
1599772585081	Marionette	INFO	Stopped listening on port 62700

###!!! [Child][RunMessage] Error: Channel closing: too late to send/recv, messages will be lost


###!!! [Child][MessageChannel::SendAndWait] Error: Channel error: cannot send/recv

\\Temp\\rust_mozprofileXpSAaX"
JavaScript error: resource://gre/modules/XULStore.jsm, line 66: Error: Can't find profile directory.
console.error: SearchCache: "_readCacheFile: Error reading cache file:" (new Error("", "(unknown module)"))
1599772545185	Marionette	INFO	Listening on port 63045
1599772545308	Marionette	WARN	TLS certificate errors will be ignored for this session
1599772585228	Marionette	INFO	Stopped listening on port 6304159
###!!! [Child][RunMessage] Error: Channel closing: too late to send/recv, messages will be lost


###!!! [Child][MessageChannel::SendAndWait] Error: Channel error: cannot send/recv

\\Temp\\rust_mozprofileA1xXIl"
JavaScript error: resource://gre/modules/XULStore.jsm, line 66: Error: Can't find profile directory.
console.error: SearchCache: "_readCacheFile: Error reading cache file:" (new Error("", "(unknown module)"))
1599772587682	Marionette	INFO	Listening on port 63356
1599772587842	Marionette	WARN	TLS certificate errors will be ignored for this session
1599772667269	Marionette	INFO	Stopped listening on port 63351599772667814	mozrunner::runner	INFO	Running command: "C:\\Program Files\\Mozilla Firefox\\firefox.exe" "--marionette" "-foreground" "-no-remote" "-profile" "C:\\Users\\USUARIO\\AppData\\Local\\Temp\\rust_mozprofileJWCQBk"
JavaScript error: resource://gre/modules/XULStore.jsm, line 66: Error: Can't find profile directory.
console.error: SearchCache: "_readCacheFile: Error reading cache file:" (new Error("", "(unknown module)"))
1599772670254	Marionette	INFO	Listening on port 63869
1599772670424	Marionette	WARN	TLS certificate errors will be ignored for this session
1599772934229	Marionette	INFO	Stopped listening on port 63869

###!!! [Child][RunMessage] Error: Channel closing: too late to send/recv, messages will be lost


###!!! [Child][MessageChannel::SendAndWait] Error: Channel error: cannot send/recv

\\Temp\\rust_mozprofileZOWoqs"
JavaScript error: resource://gre/modules/XULStore.jsm, line 66: Error: Can't find profile directory.
console.error: SearchCache: "_readCacheFile: Error reading cache file:" (new Error("", "(unknown module)"))
1599772731115	Marionette	INFO	Listening on port 64458
1599772731313	Marionette	WARN	TLS certificate errors will be ignored for this session
1599772934218	Marionette	INFO	Stopped listening on port 64458

###!!! [Child][RunMessage] Error: Channel closing: too late to send/recv, messages will be lost


###!!! [Child][MessageChannel::SendAndWait] Error: Channel error: cannot send/recv

1599773062701	geckodriver	INFO	Listening on 127.0.0.1:51471
1599773065736	mozrunner::runner	INFO	Running command: "C:\\Program Files\\Mozilla Firefox\\firefox.exe" "--marionette" "-foreground" "-no-remote" "-profile" "C:\\Users\\USUARIO\\AppData\\Local\\Temp\\rust_mozprofileQcg00g"
JavaScript error: resource://gre/modules/XULStore.jsm, line 66: Error: Can't find profile directory.
console.error: SearchCache: "_readCacheFile: Error reading cache file:" (new Error("", "(unknown module)"))
1599773068237	Marionette	INFO	Listening on port 51490
1599773068347	Marionette	WARN	TLS certificate errors will be ignored for this session
1599773284994	Marionette	INFO	Stopped listening on port 51490

###!!! [Child][RunMessage] Error: Channel closing: too late to send/recv, messages will be lost


###!!! [Child][MessageChannel::SendAndWait] Error: Channel error: cannot send/recv

\\Temp\\rust_mozprofilexPRk02"
JavaScript error: resource://gre/modules/XULStore.jsm, line 66: Error: Can't find profile directory.
console.error: SearchCache: "_readCacheFile: Error reading cache file:" (new Error("", "(unknown module)"))
1599773254963	Marionette	INFO	Listening on port 52448
1599773255090	Marionette	WARN	TLS certificate errors will be ignored for this session
1599773285206	Marionette	INFO	Stopped listening on port 52441599773285980	mozrunner::runner	INFO	Running command: "C:\\Program Files\\Mozilla Firefox\\firefox.exe" "--marionette" "-foreground" "-no-remote" "-profile" "C:\\Users\\USUARIO\\AppData\\Local\\Temp\\rust_mozprofilegtZinn"
JavaScript error: resource://gre/modules/XULStore.jsm, line 66: Error: Can't find profile directory.
console.error: SearchCache: "_readCacheFile: Error reading cache file:" (new Error("", "(unknown module)"))
1599773288271	Marionette	INFO	Listening on port 52728
1599773288589	Marionette	WARN	TLS certificate errors will be ignored for this session
1599773322442	Marionette	INFO	Stopped listening on port 52728

###!!! [Child][RunMessage] Error: Channel closing: too late to send/recv, messages will be lost


###!!! [Child][MessageChannel::SendAndWait] Error: Channel error: cannot send/recv

\\Temp\\rust_mozprofileVvKh4Z"
JavaScript error: resource://gre/modules/XULStore.jsm, line 66: Error: Can't find profile directory.
console.error: SearchCache: "_readCacheFile: Error reading cache file:" (new Error("", "(unknown module)"))
1599773324222	Marionette	INFO	Listening on port 52923
1599773324592	Marionette	WARN	TLS certificate errors will be ignored for this session
[Parent 19648, Gecko_IOThread] WARNING: file /builds/worker/1599773383865	mozrunner::runner	INFO	Running command: "C:\\Program Files\\Mozilla Firefox\\firefox.exe" "--marionette" "-foreground" "-no-remote" "-profile" "C:\\Users\\USUARIO\\AppData\\Local\\Temp\\rust_mozprofileXva3Co"
JavaScript error: resource://gre/modules/XULStore.jsm, line 66: Error: Can't find profile directory.
console.error: SearchCache: "_readCacheFile: Error reading cache file:" (new Error("", "(unknown module)"))
1599773386618	Marionette	INFO	Listening on port 53310
1599773386984	Marionette	WARN	TLS certificate errors will be ignored for this session
1599773425366	Marionette	INFO	Stopped listening on port 53310

###!!! [Child][RunMessage] Error: Channel closing: too late to send/recv, messages will be lost


###!!! [Child][MessageChannel::SendAndWait] Error: Channel error: cannot send/recv

1599773829006	geckodriver	INFO	Listening on 127.0.0.1:56730
1599773832021	mozrunner::runner	INFO	Running command: "C:\\Program Files\\Mozilla Firefox\\firefox.exe" "--marionette" "-foreground" "-no-remote" "-profile" "C:\\Users\\USUARIO\\AppData\\Local\\Temp\\rust_mozprofileWTxXLr"
JavaScript error: resource://gre/modules/XULStore.jsm, line 66: Error: Can't find profile directory.
console.error: SearchCache: "_readCacheFile: Error reading cache file:" (new Error("", "(unknown module)"))
1599773834388	Marionette	INFO	Listening on port 56746
1599773834629	Marionette	WARN	TLS certificate errors will be ignored for this session
1599774385762	Marionette	INFO	Stopped listening on port 56746

###!!! [Child][RunMessage] Error: Channel closing: too late to send/recv, messages will be lost


###!!! [Child][MessageChannel::SendAndWait] Error: Channel error: cannot send/recv

\\Temp\\rust_mozprofileDKPmVX"
JavaScript error: resource://gre/modules/XULStore.jsm, line 66: Error: Can't find profile directory.
console.error: SearchCache: "_readCacheFile: Error reading cache file:" (new Error("", "(unknown module)"))
1599773896809	Marionette	INFO	Listening on port 57236
1599773897051	Marionette	WARN	TLS certificate errors will be ignored for this session
1599774385783	Marionette	INFO	Stopped listening on port 57236

###!!! [Child][RunMessage] Error: Channel closing: too late to send/recv, messages will be lost


###!!! [Child][MessageChannel::SendAndWait] Error: Channel error: cannot send/recv

\\Temp\\rust_mozprofileroH4kc"
JavaScript error: resource://gre/modules/XULStore.jsm, line 66: Error: Can't find profile directory.
console.error: SearchCache: "_readCacheFile: Error reading cache file:" (new Error("", "(unknown module)"))
1599773922602	Marionette	INFO	Listening on port 57500
1599773922794	Marionette	WARN	TLS certificate errors will be ignored for this session
1599774385750	Marionette	INFO	Stopped listening on port 57500

###!!! [Child][RunMessage] Error: Channel closing: too late to send/recv, messages will be lost


###!!! [Child][MessageChannel::SendAndWait] Error: Channel error: cannot send/recv

\\Temp\\rust_mozprofileYKQLwV"
JavaScript error: resource://gre/modules/XULStore.jsm, line 66: Error: Can't find profile directory.
console.error: SearchCache: "_readCacheFile: Error reading cache file:" (new Error("", "(unknown module)"))
1599773998497	Marionette	INFO	Listening on port 57855
1599773998602	Marionette	WARN	TLS certificate errors will be ignored for this session
1599774385738	Marionette	INFO	Stopped listening on port 57855

###!!! [Child][RunMessage] Error: Channel closing: too late to send/recv, messages will be lost


###!!! [Child][MessageChannel::SendAndWait] Error: Channel error: cannot send/recv

\\Temp\\rust_mozprofileiLVNsr"
JavaScript error: resource://gre/modules/XULStore.jsm, line 66: Error: Can't find profile directory.
console.error: SearchCache: "_readCacheFile: Error reading cache file:" (new Error("", "(unknown module)"))
1599774140929	Marionette	INFO	Listening on port 58574
1599774141068	Marionette	WARN	TLS certificate errors will be ignored for this session
1599774385743	Marionette	INFO	Stopped listening on port 58574

###!!! [Child][RunMessage] Error: Channel closing: too late to send/recv, messages will be lost


###!!! [Child][MessageChannel::SendAndWait] Error: Channel error: cannot send/recv

\\Temp\\rust_mozprofileEckoey"
JavaScript error: resource://gre/modules/XULStore.jsm, line 66: Error: Can't find profile directory.
console.error: SearchCache: "_readCacheFile: Error reading cache file:" (new Error("", "(unknown module)"))
1599774181531	Marionette	INFO	Listening on port 58781
1599774181637	Marionette	WARN	TLS certificate errors will be ignored for this session
1599774385724	Marionette	INFO	Stopped listening on port 58781

###!!! [Child][MessageChannel::SendAndWait] Error: Channel error: cannot send/recv

firefox.exe" "--marionette" "-foreground" "-no-remote" "-profile" "C:\\Users\\USUARIO\\AppData\\Local\\Temp\\rust_mozprofile6IlsgL"
JavaScript error: resource://gre/modules/XULStore.jsm, line 66: Error: Can't find profile directory.
console.error: SearchCache: "_readCacheFile: Error reading cache file:" (new Error("", "(unknown module)"))
1599774241792	Marionette	INFO	Listening on port 59119
1599774242051	Marionette	WARN	TLS certificate errors will be ignored for this session
1599774385702	Marionette	INFO	Stopped listening on port 59119

###!!! [Child][RunMessage] Error: Channel closing: too late to send/recv, messages will be lost


###!!! [Child][MessageChannel::SendAndWait] Error: Channel error: cannot send/recv

\\Temp\\rust_mozprofileimV2ZS"
JavaScript error: resource://gre/modules/XULStore.jsm, line 66: Error: Can't find profile directory.
console.error: SearchCache: "_readCacheFile: Error reading cache file:" (new Error("", "(unknown module)"))
1599774284946	Marionette	INFO	Listening on port 59292
1599774285112	Marionette	WARN	TLS certificate errors will be ignored for this session
1599774383939	Marionette	INFO	Stopped listening on port 59292

###!!! [Child][RunMessage] Error: Channel closing: too late to send/recv, messages will be lost


###!!! [Child][MessageChannel::SendAndWait] Error: Channel error: cannot send/recv

1599774400650	geckodriver	INFO	Listening on 127.0.0.1:59697
1599774403670	mozrunner::runner	INFO	Running command: "C:\\Program Files\\Mozilla Firefox\\firefox.exe" "--marionette" "-foreground" "-no-remote" "-profile" "C:\\Users\\USUARIO\\AppData\\Local\\Temp\\rust_mozprofileEXnTqM"
JavaScript error: resource://gre/modules/XULStore.jsm, line 66: Error: Can't find profile directory.
console.error: SearchCache: "_readCacheFile: Error reading cache file:" (new Error("", "(unknown module)"))
1599774405997	Marionette	INFO	Listening on port 59714
1599774406278	Marionette	WARN	TLS certificate errors will be ignored for this session
1599774472494	Marionette	INFO	Stopped listening on port 59714

###!!! [Child][RunMessage] Error: Channel closing: too late to send/recv, messages will be lost


###!!! [Child][MessageChannel::SendAndWait] Error: Channel error: cannot send/recv

1599774652028	geckodriver	INFO	Listening on 127.0.0.1:61305
1599774655062	mozrunner::runner	INFO	Running command: "C:\\Program Files\\Mozilla Firefox\\firefox.exe" "--marionette" "-foreground" "-no-remote" "-profile" "C:\\Users\\USUARIO\\AppData\\Local\\Temp\\rust_mozprofilenf0mYz"
JavaScript error: resource://gre/modules/XULStore.jsm, line 66: Error: Can't find profile directory.
console.error: SearchCache: "_readCacheFile: Error reading cache file:" (new Error("", "(unknown module)"))
1599774657417	Marionette	INFO	Listening on port 61323
1599774657681	Marionette	WARN	TLS certificate errors will be ignored for this session
1599774679563	Marionette	INFO	Stopped listening on port 61321599774681253	mozrunner::runner	INFO	Running command: "C:\\Program Files\\Mozilla Firefox\\firefox.exe" "--marionette" "-foreground" "-no-remote" "-profile" "C:\\Users\\USUARIO\\AppData\\Local\\Temp\\rust_mozprofileAlCkWF"
JavaScript error: resource://gre/modules/XULStore.jsm, line 66: Error: Can't find profile directory.
console.error: SearchCache: "_readCacheFile: Error reading cache file:" (new Error("", "(unknown module)"))
1599774683583	Marionette	INFO	Listening on port 61485
1599774683864	Marionette	WARN	TLS certificate errors will be ignored for this session
1599774812868	Marionette	INFO	Stopped listening on port 61481599774814697	mozrunner::runner	INFO	Running command: "C:\\Program Files\\Mozilla Firefox\\firefox.exe" "--marionette" "-foreground" "-no-remote" "-profile" "C:\\Users\\USUARIO\\AppData\\Local\\Temp\\rust_mozprofileYkbH2B"
JavaScript error: resource://gre/modules/XULStore.jsm, line 66: Error: Can't find profile directory.
console.error: SearchCache: "_readCacheFile: Error reading cache file:" (new Error("", "(unknown module)"))
1599774816956	Marionette	INFO	Listening on port 62471
1599774817304	Marionette	WARN	TLS certificate errors will be ignored for this session
1599774852643	Marionette	INFO	Stopped listening on port 62471599774853494	mozrunner::runner	INFO	Running command: "C:\\Program Files\\Mozilla Firefox\\firefox.exe" "--marionette" "-foreground" "-no-remote" "-profile" "C:\\Users\\USUARIO\\AppData\\Local\\Temp\\rust_mozprofile72j29x"
JavaScript error: resource://gre/modules/XULStore.jsm, line 66: Error: Can't find profile directory.
console.error: SearchCache: "_readCacheFile: Error reading cache file:" (new Error("", "(unknown module)"))
1599774855973	Marionette	INFO	Listening on port 62715
1599774856102	Marionette	WARN	TLS certificate errors will be ignored for this session
1599776044752	Marionette	INFO	Stopped listening on port 62715

###!!! [Child][RunMessage] Error: Channel closing: too late to send/recv, messages will be lost


###!!! [Child][MessageChannel::SendAndWait] Error: Channel error: cannot send/recv

\\Temp\\rust_mozprofilevzQpDD"
JavaScript error: resource://gre/modules/XULStore.jsm, line 66: Error: Can't find profile directory.
console.error: SearchCache: "_readCacheFile: Error reading cache file:" (new Error("", "(unknown module)"))
1599775456294	Marionette	INFO	Listening on port 50699
1599775456418	Marionette	WARN	TLS certificate errors will be ignored for this session
1599776044745	Marionette	INFO	Stopped listening on port 50691599776046269	mozrunner::runner	INFO	Running command: "C:\\Program Files\\Mozilla Firefox\\firefox.exe" "--marionette" "-foreground" "-no-remote" "-profile" "C:\\Users\\USUARIO\\AppData\\Local\\Temp\\rust_mozprofile82xUvJ"
JavaScript error: resource://gre/modules/XULStore.jsm, line 66: Error: Can't find profile directory.
console.error: SearchCache: "_readCacheFile: Error reading cache file:" (new Error("", "(unknown module)"))
1599776048636	Marionette	INFO	Listening on port 54024
1599776048877	Marionette	WARN	TLS certificate errors will be ignored for this session
1599776609173	Marionette	INFO	Stopped listening on port 54021599776610836	mozrunner::runner	INFO	Running command: "C:\\Program Files\\Mozilla Firefox\\firefox.exe" "--marionette" "-foreground" "-no-remote" "-profile" "C:\\Users\\USUARIO\\AppData\\Local\\Temp\\rust_mozprofileqVxduC"
JavaScript error: resource://gre/modules/XULStore.jsm, line 66: Error: Can't find profile directory.
console.error: SearchCache: "_readCacheFile: Error reading cache file:" (new Error("", "(unknown module)"))
1599776613238	Marionette	INFO	Listening on port 58027
1599776613450	Marionette	WARN	TLS certificate errors will be ignored for this session
1599777395822	Marionette	INFO	Stopped listening on port 58021599777396964	mozrunner::runner	INFO	Running command: "C:\\Program Files\\Mozilla Firefox\\firefox.exe" "--marionette" "-foreground" "-no-remote" "-profile" "C:\\Users\\USUARIO\\AppData\\Local\\Temp\\rust_mozprofile6htk5E"
JavaScript error: resource://gre/modules/XULStore.jsm, line 66: Error: Can't find profile directory.
console.error: SearchCache: "_readCacheFile: Error reading cache file:" (new Error("", "(unknown module)"))
1599777399367	Marionette	INFO	Listening on port 61823
1599777399576	Marionette	WARN	TLS certificate errors will be ignored for this session
1599784163620	Marionette	INFO	Stopped listening on port 61821599784164375	mozrunner::runner	INFO	Running command: "C:\\Program Files\\Mozilla Firefox\\firefox.exe" "--marionette" "-foreground" "-no-remote" "-profile" "C:\\Users\\USUARIO\\AppData\\Local\\Temp\\rust_mozprofilehy5O3L"
JavaScript error: resource://gre/modules/XULStore.jsm, line 66: Error: Can't find profile directory.
console.error: SearchCache: "_readCacheFile: Error reading cache file:" (new Error("", "(unknown module)"))
1599784166799	Marionette	INFO	Listening on port 59019
1599784166986	Marionette	WARN	TLS certificate errors will be ignored for this session
1599784439931	Marionette	INFO	Stopped listening on port 59019

###!!! [Child][RunMessage] Error: Channel closing: too late to send/recv, messages will be lost


###!!! [Child][MessageChannel::SendAndWait] Error: Channel error: cannot send/recv

\\Temp\\rust_mozprofileigFj4t"
JavaScript error: resource://gre/modules/XULStore.jsm, line 66: Error: Can't find profile directory.
console.error: SearchCache: "_readCacheFile: Error reading cache file:" (new Error("", "(unknown module)"))
1599784327303	Marionette	INFO	Listening on port 59746
1599784327346	Marionette	WARN	TLS certificate errors will be ignored for this session
1599784439931	Marionette	INFO	Stopped listening on port 59746

###!!! [Child][MessageChannel::SendAndWait] Error: Channel error: cannot send/recv

firefox.exe" "--marionette" "-foreground" "-no-remote" "-profile" "C:\\Users\\USUARIO\\AppData\\Local\\Temp\\rust_mozprofileKhj3DC"
JavaScript error: resource://gre/modules/XULStore.jsm, line 66: Error: Can't find profile directory.
console.error: SearchCache: "_readCacheFile: Error reading cache file:" (new Error("", "(unknown module)"))
1599784423165	Marionette	INFO	Listening on port 55428
1599784423457	Marionette	WARN	TLS certificate errors will be ignored for this session
1599784440182	Marionette	INFO	Stopped listening on port 55428

###!!! [Child][RunMessage] Error: Channel closing: too late to send/recv, messages will be lost


###!!! [Child][MessageChannel::SendAndWait] Error: Channel error: cannot send/recv

1599784471927	geckodriver	INFO	Listening on 127.0.0.1:55876
1599784474947	mozrunner::runner	INFO	Running command: "C:\\Program Files\\Mozilla Firefox\\firefox.exe" "--marionette" "-foreground" "-no-remote" "-profile" "C:\\Users\\USUARIO\\AppData\\Local\\Temp\\rust_mozprofileLrASmT"
JavaScript error: resource://gre/modules/XULStore.jsm, line 66: Error: Can't find profile directory.
console.error: SearchCache: "_readCacheFile: Error reading cache file:" (new Error("", "(unknown module)"))
1599784477358	Marionette	INFO	Listening on port 55900
1599784477559	Marionette	WARN	TLS certificate errors will be ignored for this session
1599784660294	Marionette	INFO	Stopped listening on port 55900

###!!! [Child][RunMessage] Error: Channel closing: too late to send/recv, messages will be lost


###!!! [Child][MessageChannel::SendAndWait] Error: Channel error: cannot send/recv

\\Temp\\rust_mozprofiletmCeFn"
JavaScript error: resource://gre/modules/XULStore.jsm, line 66: Error: Can't find profile directory.
console.error: SearchCache: "_readCacheFile: Error reading cache file:" (new Error("", "(unknown module)"))
1599784569268	Marionette	INFO	Listening on port 56488
1599784569551	Marionette	WARN	TLS certificate errors will be ignored for this session
1599784660304	Marionette	INFO	Stopped listening on port 56488

###!!! [Child][RunMessage] Error: Channel closing: too late to send/recv, messages will be lost


###!!! [Child][MessageChannel::SendAndWait] Error: Channel error: cannot send/recv

\\Temp\\rust_mozprofileyIx0wv"
JavaScript error: resource://gre/modules/XULStore.jsm, line 66: Error: Can't find profile directory.
console.error: SearchCache: "_readCacheFile: Error reading cache file:" (new Error("", "(unknown module)"))
1599784594391	Marionette	INFO	Listening on port 56632
1599784594763	Marionette	WARN	TLS certificate errors will be ignored for this session
1599784660285	Marionette	INFO	Stopped listening on port 56631599784661614	mozrunner::runner	INFO	Running command: "C:\\Program Files\\Mozilla Firefox\\firefox.exe" "--marionette" "-foreground" "-no-remote" "-profile" "C:\\Users\\USUARIO\\AppData\\Local\\Temp\\rust_mozprofileaxQT3q"
JavaScript error: resource://gre/modules/XULStore.jsm, line 66: Error: Can't find profile directory.
console.error: SearchCache: "_readCacheFile: Error reading cache file:" (new Error("", "(unknown module)"))
1599784663955	Marionette	INFO	Listening on port 56944
1599784664221	Marionette	WARN	TLS certificate errors will be ignored for this session
1599784927831	Marionette	INFO	Stopped listening on port 56944

###!!! [Child][RunMessage] Error: Channel closing: too late to send/recv, messages will be lost


###!!! [Child][MessageChannel::SendAndWait] Error: Channel error: cannot send/recv

\\Temp\\rust_mozprofilea2Ojzt"
JavaScript error: resource://gre/modules/XULStore.jsm, line 66: Error: Can't find profile directory.
console.error: SearchCache: "_readCacheFile: Error reading cache file:" (new Error("", "(unknown module)"))
1599784857494	Marionette	INFO	Listening on port 57755
1599784857716	Marionette	WARN	TLS certificate errors will be ignored for this session
1599784927839	Marionette	INFO	Stopped listening on port 57755

###!!! [Child][RunMessage] Error: Channel closing: too late to send/recv, messages will be lost


###!!! [Child][MessageChannel::SendAndWait] Error: Channel error: cannot send/recv

1599828411619	geckodriver	INFO	Listening on 127.0.0.1:60495
1599828414641	mozrunner::runner	INFO	Running command: "C:\\Program Files\\Mozilla Firefox\\firefox.exe" "--marionette" "-foreground" "-no-remote" "-profile" "C:\\Users\\USUARIO\\AppData\\Local\\Temp\\rust_mozprofilegrHw1R"
JavaScript error: resource://gre/modules/XULStore.jsm, line 66: Error: Can't find profile directory.
console.error: SearchCache: "_readCacheFile: Error reading cache file:" (new Error("", "(unknown module)"))
1599828416906	Marionette	INFO	Listening on port 60515
1599828417248	Marionette	WARN	TLS certificate errors will be ignored for this session
1599829649979	Marionette	INFO	Stopped listening on port 60515

###!!! [Child][MessageChannel::SendAndWait] Error: Channel error: cannot send/recv

firefox.exe" "--marionette" "-foreground" "-no-remote" "-profile" "C:\\Users\\USUARIO\\AppData\\Local\\Temp\\rust_mozprofileCc2NUs"
JavaScript error: resource://gre/modules/XULStore.jsm, line 66: Error: Can't find profile directory.
console.error: SearchCache: "_readCacheFile: Error reading cache file:" (new Error("", "(unknown module)"))
1599828442222	Marionette	INFO	Listening on port 60668
1599828442300	Marionette	WARN	TLS certificate errors will be ignored for this session
1599829649992	Marionette	INFO	Stopped listening on port 60668

###!!! [Child][RunMessage] Error: Channel closing: too late to send/recv, messages will be lost


###!!! [Child][MessageChannel::SendAndWait] Error: Channel error: cannot send/recv

\\Temp\\rust_mozprofileeHD2jg"
JavaScript error: resource://gre/modules/XULStore.jsm, line 66: Error: Can't find profile directory.
console.error: SearchCache: "_readCacheFile: Error reading cache file:" (new Error("", "(unknown module)"))
1599828516764	Marionette	INFO	Listening on port 61010
1599828517071	Marionette	WARN	TLS certificate errors will be ignored for this session
1599829649958	Marionette	INFO	Stopped listening on port 61010

###!!! [Child][RunMessage] Error: Channel closing: too late to send/recv, messages will be lost


###!!! [Child][MessageChannel::SendAndWait] Error: Channel error: cannot send/recv

\\Temp\\rust_mozprofilexwuQlM"
JavaScript error: resource://gre/modules/XULStore.jsm, line 66: Error: Can't find profile directory.
console.error: SearchCache: "_readCacheFile: Error reading cache file:" (new Error("", "(unknown module)"))
1599828559443	Marionette	INFO	Listening on port 61239
1599828559667	Marionette	WARN	TLS certificate errors will be ignored for this session
1599829650054	Marionette	INFO	Stopped listening on port 61239

###!!! [Child][RunMessage] Error: Channel closing: too late to send/recv, messages will be lost


###!!! [Child][MessageChannel::SendAndWait] Error: Channel error: cannot send/recv

\\Temp\\rust_mozprofilenJHoDL"
JavaScript error: resource://gre/modules/XULStore.jsm, line 66: Error: Can't find profile directory.
console.error: SearchCache: "_readCacheFile: Error reading cache file:" (new Error("", "(unknown module)"))
1599828796602	Marionette	INFO	Listening on port 62650
1599828796841	Marionette	WARN	TLS certificate errors will be ignored for this session
1599829650054	Marionette	INFO	Stopped listening on port 62650

###!!! [Child][MessageChannel::SendAndWait] Error: Channel error: cannot send/recv

firefox.exe" "--marionette" "-foreground" "-no-remote" "-profile" "C:\\Users\\USUARIO\\AppData\\Local\\Temp\\rust_mozprofileUqPaf3"
JavaScript error: resource://gre/modules/XULStore.jsm, line 66: Error: Can't find profile directory.
console.error: SearchCache: "_readCacheFile: Error reading cache file:" (new Error("", "(unknown module)"))
1599828826318	Marionette	INFO	Listening on port 62822
1599828826659	Marionette	WARN	TLS certificate errors will be ignored for this session
1599829650000	Marionette	INFO	Stopped listening on port 62822

###!!! [Child][MessageChannel::SendAndWait] Error: Channel error: cannot send/recv

firefox.exe" "--marionette" "-foreground" "-no-remote" "-profile" "C:\\Users\\USUARIO\\AppData\\Local\\Temp\\rust_mozprofileUCkiji"
JavaScript error: resource://gre/modules/XULStore.jsm, line 66: Error: Can't find profile directory.
console.error: SearchCache: "_readCacheFile: Error reading cache file:" (new Error("", "(unknown module)"))
1599828899794	Marionette	INFO	Listening on port 63127
1599828900076	Marionette	WARN	TLS certificate errors will be ignored for this session
1599829649965	Marionette	INFO	Stopped listening on port 63127

###!!! [Child][RunMessage] Error: Channel closing: too late to send/recv, messages will be lost


###!!! [Child][MessageChannel::SendAndWait] Error: Channel error: cannot send/recv

\\Temp\\rust_mozprofileAcYPhY"
JavaScript error: resource://gre/modules/XULStore.jsm, line 66: Error: Can't find profile directory.
console.error: SearchCache: "_readCacheFile: Error reading cache file:" (new Error("", "(unknown module)"))
1599829612763	Marionette	INFO	Listening on port 50796
1599829613177	Marionette	WARN	TLS certificate errors will be ignored for this session
1599829650169	Marionette	INFO	Stopped listening on port 50791599829650898	mozrunner::runner	INFO	Running command: "C:\\Program Files\\Mozilla Firefox\\firefox.exe" "--marionette" "-foreground" "-no-remote" "-profile" "C:\\Users\\USUARIO\\AppData\\Local\\Temp\\rust_mozprofileDcgZKO"
JavaScript error: resource://gre/modules/XULStore.jsm, line 66: Error: Can't find profile directory.
console.error: SearchCache: "_readCacheFile: Error reading cache file:" (new Error("", "(unknown module)"))
1599829653334	Marionette	INFO	Listening on port 50960
1599829653510	Marionette	WARN	TLS certificate errors will be ignored for this session
[Child 21864, Chrome_ChildThread] WARNING: pipe error: 232: file /builds/worker/checkouts/gecko/ipc/chromium/src/chrome/common/ipc_channel_win.cc, line 524
1599829686057	Marionette	INFO	Stopped listening on port 50960

###!!! [Child][RunMessage] Error: Channel closing: too late to send/recv, messages will be lost


###!!! [Child][MessageChannel::SendAndWait] Error: Channel error: cannot send/recv

1599829687978	geckodriver	INFO	Listening on 127.0.0.1:51141
1599829690996	mozrunner::runner	INFO	Running command: "C:\\Program Files\\Mozilla Firefox\\firefox.exe" "--marionette" "-foreground" "-no-remote" "-profile" "C:\\Users\\USUARIO\\AppData\\Local\\Temp\\rust_mozprofile2GZLJY"
JavaScript error: resource://gre/modules/XULStore.jsm, line 66: Error: Can't find profile directory.
console.error: SearchCache: "_readCacheFile: Error reading cache file:" (new Error("", "(unknown module)"))
1599829693298	Marionette	INFO	Listening on port 51153
1599829693604	Marionette	WARN	TLS certificate errors will be ignored for this session
1599829699383	Marionette	WARN	TimedPromise timed out after 500 ms: stacktrace:
TimedPromise/<@chrome://marionette/content/sync.js:245:13
TimedPromise@chrome://marionette/content/sync.js:230:10
interaction.flushEventLoop@chrome://marionette/content/interaction.js:416:10
webdriverClickElement@chrome://marionette/content/interaction.js:182:31
1599829704256	Marionette	WARN	TimedPromise timed out after 500 ms: stacktrace:
TimedPromise/<@chrome://marionette/content/sync.js:245:13
TimedPromise@chrome://marionette/content/sync.js:230:10
interaction.flushEventLoop@chrome://marionette/content/interaction.js:416:10
webdriverClickElement@chrome://marionette/content/interaction.js:182:31
1599829931527	Marionette	INFO	Stopped listening on port 51153

###!!! [Child][RunMessage] Error: Channel closing: too late to send/recv, messages will be lost


###!!! [Child][MessageChannel::SendAndWait] Error: Channel error: cannot send/recv

\\Temp\\rust_mozprofileFnuOhk"
JavaScript error: resource://gre/modules/XULStore.jsm, line 66: Error: Can't find profile directory.
console.error: SearchCache: "_readCacheFile: Error reading cache file:" (new Error("", "(unknown module)"))
1599829750711	Marionette	INFO	Listening on port 51424
1599829751107	Marionette	WARN	TLS certificate errors will be ignored for this session
1599829931512	Marionette	INFO	Stopped listening on port 51424

###!!! [Child][RunMessage] Error: Channel closing: too late to send/recv, messages will be lost


###!!! [Child][MessageChannel::SendAndWait] Error: Channel error: cannot send/recv

\\Temp\\rust_mozprofile94aXGK"
JavaScript error: resource://gre/modules/XULStore.jsm, line 66: Error: Can't find profile directory.
console.error: SearchCache: "_readCacheFile: Error reading cache file:" (new Error("", "(unknown module)"))
1599829840601	Marionette	INFO	Listening on port 51743
1599829840825	Marionette	WARN	TLS certificate errors will be ignored for this session
1599829931508	Marionette	INFO	Stopped listening on port 51743

###!!! [Child][MessageChannel::SendAndWait] Error: Channel error: cannot send/recv

firefox.exe" "--marionette" "-foreground" "-no-remote" "-profile" "C:\\Users\\USUARIO\\AppData\\Local\\Temp\\rust_mozprofileO1bHfP"
JavaScript error: resource://gre/modules/XULStore.jsm, line 66: Error: Can't find profile directory.
console.error: SearchCache: "_readCacheFile: Error reading cache file:" (new Error("", "(unknown module)"))
1599829873099	Marionette	INFO	Listening on port 51944
1599829873194	Marionette	WARN	TLS certificate errors will be ignored for this session
1599829929236	Marionette	INFO	Stopped listening on port 51944

###!!! [Child][RunMessage] Error: Channel closing: too late to send/recv, messages will be lost


###!!! [Child][MessageChannel::SendAndWait] Error: Channel error: cannot send/recv

1599830247687	geckodriver	INFO	Listening on 127.0.0.1:53704
1599830250703	mozrunner::runner	INFO	Running command: "C:\\Program Files\\Mozilla Firefox\\firefox.exe" "--marionette" "-foreground" "-no-remote" "-profile" "C:\\Users\\USUARIO\\AppData\\Local\\Temp\\rust_mozprofile4C6Vxp"
JavaScript error: resource://gre/modules/XULStore.jsm, line 66: Error: Can't find profile directory.
console.error: SearchCache: "_readCacheFile: Error reading cache file:" (new Error("", "(unknown module)"))
1599830253109	Marionette	INFO	Listening on port 53723
1599830253311	Marionette	WARN	TLS certificate errors will be ignored for this session
1599831364472	Marionette	INFO	Stopped listening on port 53723

###!!! [Child][MessageChannel::SendAndWait] Error: Channel error: cannot send/recv

firefox.exe" "--marionette" "-foreground" "-no-remote" "-profile" "C:\\Users\\USUARIO\\AppData\\Local\\Temp\\rust_mozprofileJLQ2Jv"
JavaScript error: resource://gre/modules/XULStore.jsm, line 66: Error: Can't find profile directory.
console.error: SearchCache: "_readCacheFile: Error reading cache file:" (new Error("", "(unknown module)"))
1599830363578	Marionette	INFO	Listening on port 54097
1599830363714	Marionette	WARN	TLS certificate errors will be ignored for this session

###!!! [Child][MessageChannel] Error: (msgtype=0x5A000C,name=PHttpChannel::Msg_RemoveCorsPreflightCacheEntry) Channel closing: too late to send/recv, messages will be lost

1599831005830	Marionette	INFO	Stopped listening on port 54097

###!!! [Child][RunMessage] Error: Channel closing: too late to send/recv, messages will be lost


###!!! [Child][MessageChannel::SendAndWait] Error: Channel error: cannot send/recv

 Error reading cache file:" (new Error("", "(unknown module)"))
1599830451023	Marionette	INFO	Listening on port 54481
1599830451091	Marionette	WARN	TLS certificate errors will be ignored for this session
1599830457034	Marionette	WARN	TimedPromise timed out after 500 ms: stacktrace:
TimedPromise/<@chrome://marionette/content/sync.js:245:13
TimedPromise@chrome://marionette/content/sync.js:230:10
interaction.flushEventLoop@chrome://marionette/content/interaction.js:416:10
webdriverClickElement@chrome://marionette/content/interaction.js:182:31
1599830466381	Marionette	WARN	TimedPromise timed out after 500 ms: stacktrace:
TimedPromise/<@chrome://marionette/content/sync.js:245:13
TimedPromise@chrome://marionette/content/sync.js:230:10
interaction.flushEventLoop@chrome://marionette/content/interaction.js:416:10
webdriverClickElement@chrome://marionette/content/interaction.js:182:31
1599831364445	Marionette	INFO	Stopped listening on port 54481

###!!! [Child][RunMessage] Error: Channel closing: too late to send/recv, messages will be lost


###!!! [Child][MessageChannel::SendAndWait] Error: Channel error: cannot send/recv

\\Temp\\rust_mozprofilezvLJnC"
JavaScript error: resource://gre/modules/XULStore.jsm, line 66: Error: Can't find profile directory.
console.error: SearchCache: "_readCacheFile: Error reading cache file:" (new Error("", "(unknown module)"))
1599830495696	Marionette	INFO	Listening on port 54684
1599830495953	Marionette	WARN	TLS certificate errors will be ignored for this session
1599831364431	Marionette	INFO	Stopped listening on port 54684

###!!! [Child][RunMessage] Error: Channel closing: too late to send/recv, messages will be lost


###!!! [Child][MessageChannel::SendAndWait] Error: Channel error: cannot send/recv

\\Temp\\rust_mozprofile6d6v7Q"
JavaScript error: resource://gre/modules/XULStore.jsm, line 66: Error: Can't find profile directory.
console.error: SearchCache: "_readCacheFile: Error reading cache file:" (new Error("", "(unknown module)"))
1599830598436	Marionette	INFO	Listening on port 55237
1599830598667	Marionette	WARN	TLS certificate errors will be ignored for this session
1599831364453	Marionette	INFO	Stopped listening on port 55237

###!!! [Child][RunMessage] Error: Channel closing: too late to send/recv, messages will be lost


###!!! [Child][MessageChannel::SendAndWait] Error: Channel error: cannot send/recv

\\Temp\\rust_mozprofilehn5uBk"
JavaScript error: resource://gre/modules/XULStore.jsm, line 66: Error: Can't find profile directory.
console.error: SearchCache: "_readCacheFile: Error reading cache file:" (new Error("", "(unknown module)"))
1599831023334	Marionette	INFO	Listening on port 57370
1599831023451	Marionette	WARN	TLS certificate errors will be ignored for this session
1599831042609	Marionette	INFO	Stopped listening on port 57370

###!!! [Child][RunMessage] Error: Channel closing: too late to send/recv, messages will be lost


###!!! [Child][MessageChannel::SendAndWait] Error: Channel error: cannot send/recv

1599831255174	geckodriver	INFO	Listening on 127.0.0.1:58100
1599831258193	mozrunner::runner	INFO	Running command: "C:\\Program Files\\Mozilla Firefox\\firefox.exe" "--marionette" "-foreground" "-no-remote" "-profile" "C:\\Users\\USUARIO\\AppData\\Local\\Temp\\rust_mozprofileKJ8v6y"
JavaScript error: resource://gre/modules/XULStore.jsm, line 66: Error: Can't find profile directory.
console.error: SearchCache: "_readCacheFile: Error reading cache file:" (new Error("", "(unknown module)"))
1599831260538	Marionette	INFO	Listening on port 58123
1599831260802	Marionette	WARN	TLS certificate errors will be ignored for this session
1599831362764	Marionette	INFO	Stopped listening on port 58123

###!!! [Child][RunMessage] Error: Channel closing: too late to send/recv, messages will be lost


###!!! [Child][MessageChannel::SendAndWait] Error: Channel error: cannot send/recv

